{
  "RSpec": {
    "coverage": {
      "/Users/student/Documents/my_projects/w_10/bank_tech_test/spec/bank_account_spec.rb": [
        1,
        null,
        1,
        null,
        2,
        null,
        1,
        1,
        null,
        null,
        1,
        1,
        1,
        1,
        1,
        1,
        1,
        null,
        null,
        null,
        null,
        null,
        null,
        null,
        null,
        null,
        null,
        null,
        null,
        null,
        null,
        null,
        null,
        null,
        null,
        null,
        null
      ],
      "/Users/student/Documents/my_projects/w_10/bank_tech_test/lib/bank_account.rb": [
        1,
        1,
        null,
        1,
        1,
        null,
        1,
        2,
        null,
        null,
        1,
        1,
        null,
        null,
        1,
        0,
        0,
        0,
        0,
        0,
        null,
        0,
        null,
        null,
        1,
        null,
        1,
        1,
        null,
        null
      ],
      "/Users/student/Documents/my_projects/w_10/bank_tech_test/lib/transaction.rb": [
        1,
        null,
        1,
        null,
        1,
        2,
        2,
        2,
        null,
        null,
        1,
        2,
        2,
        null,
        null,
        1,
        null,
        1,
        4,
        null,
        null
      ],
      "/Users/student/Documents/my_projects/w_10/bank_tech_test/spec/transaction_spec.rb": [
        1,
        null,
        1,
        null,
        3,
        null,
        1,
        1,
        1,
        1,
        null,
        null,
        1,
        1,
        1,
        1,
        null,
        null
      ]
    },
    "timestamp": 1554979464
  }
}
